<?xml version="1.0" encoding="UTF-8"?>
<!-- Generated by org.testng.reporters.JUnitReportReporter -->
<testsuite hostname="MT-31196458H" failures="0" tests="1" name="Testcases.AllproductTab_TC" time="10.674" errors="0" timestamp="2021-11-21T21:16:36 IST" skipped="0">
  <testcase classname="Testcases.AllproductTab_TC" name="AllTab" time="10.674"/>
  <system-out/>
</testsuite> <!-- Testcases.AllproductTab_TC -->
