<?xml version="1.0" encoding="UTF-8"?>
<!-- Generated by org.testng.reporters.JUnitReportReporter -->
<testsuite hostname="MT-31196458H" failures="0" tests="1" name="Testcases.CartCheckout_TC" time="12.699" errors="0" timestamp="2021-11-21T21:16:36 IST" skipped="0">
  <testcase classname="Testcases.CartCheckout_TC" name="cartcheckout" time="12.699"/>
  <system-out/>
</testsuite> <!-- Testcases.CartCheckout_TC -->
