<?xml version="1.0" encoding="UTF-8"?>
<!-- Generated by org.testng.reporters.JUnitReportReporter -->
<testsuite hostname="MT-31196458H" failures="0" tests="1" name="Testcases.SearchAction_TC" time="7.889" errors="0" timestamp="2021-11-21T21:16:36 IST" skipped="0">
  <testcase classname="Testcases.SearchAction_TC" name="Search" time="7.889"/>
  <system-out/>
</testsuite> <!-- Testcases.SearchAction_TC -->
