<?xml version="1.0" encoding="UTF-8"?>
<!-- Generated by org.testng.reporters.JUnitReportReporter -->
<testsuite hostname="MT-31196458H" failures="0" tests="1" name="Testcases.Wishlistpage_TC" time="14.024" errors="0" timestamp="2021-11-21T21:16:36 IST" skipped="0">
  <testcase classname="Testcases.Wishlistpage_TC" name="wishlist" time="14.024"/>
  <system-out/>
</testsuite> <!-- Testcases.Wishlistpage_TC -->
