<?xml version="1.0" encoding="UTF-8"?>
<!-- Generated by org.testng.reporters.JUnitReportReporter -->
<testsuite hostname="MT-31196458H" failures="0" tests="1" name="Testcases.AllproductTab_TC" time="9.513" errors="0" timestamp="2021-11-21T22:42:57 IST" skipped="0">
  <testcase classname="Testcases.AllproductTab_TC" name="AllTab" time="9.513"/>
  <system-out/>
</testsuite> <!-- Testcases.AllproductTab_TC -->
