<?xml version="1.0" encoding="UTF-8"?>
<!-- Generated by org.testng.reporters.JUnitReportReporter -->
<testsuite hostname="MT-31196458H" failures="0" tests="1" name="Testcases.Christmastab_TC" time="10.028" errors="0" timestamp="2021-11-21T22:42:57 IST" skipped="0">
  <testcase classname="Testcases.Christmastab_TC" name="christmas" time="10.028"/>
  <system-out/>
</testsuite> <!-- Testcases.Christmastab_TC -->
