<?xml version="1.0" encoding="UTF-8"?>
<!-- Generated by org.testng.reporters.JUnitReportReporter -->
<testsuite skipped="0" hostname="MT-31196458H" name="Testcases.AllproductTab_TC" tests="1" failures="0" timestamp="2021-11-18T22:25:55 IST" time="11.795" errors="0">
  <testcase name="AllTab" time="11.795" classname="Testcases.AllproductTab_TC"/>
  <system-out/>
</testsuite> <!-- Testcases.AllproductTab_TC -->
