<?xml version="1.0" encoding="UTF-8"?>
<!-- Generated by org.testng.reporters.JUnitReportReporter -->
<testsuite hostname="MT-31196458H" failures="0" tests="1" name="Testcases.Homepage_TC" time="4.222" errors="0" timestamp="2021-11-21T22:42:57 IST" skipped="0">
  <testcase classname="Testcases.Homepage_TC" name="Homepage" time="4.222"/>
  <system-out/>
</testsuite> <!-- Testcases.Homepage_TC -->
