<?xml version="1.0" encoding="UTF-8"?>
<!-- Generated by org.testng.reporters.JUnitReportReporter -->
<testsuite hostname="MT-31196458H" failures="0" tests="1" name="Testcases.Hoveraction_TC" time="13.248" errors="0" timestamp="2021-11-21T22:42:57 IST" skipped="0">
  <testcase classname="Testcases.Hoveraction_TC" name="Hover" time="13.248"/>
  <system-out/>
</testsuite> <!-- Testcases.Hoveraction_TC -->
